<?xml version="1.0" encoding="UTF-8"?>
<!-- Generated by org.testng.reporters.JUnitXMLReporter -->
<testsuite ignored="0" hostname="DESKTOP-LS03I5T" failures="0" tests="3" name="initiatetest" time="24.069" errors="0" timestamp="2024-02-07T11:19:02 IST">
  <testcase classname="com.JioMart.Tests.ValidTest" name="initiateTest" time="3.483"/>
  <testcase classname="com.JioMart.Tests.ValidTest" name="navigateToHomePage" time="8.598"/>
  <testcase classname="com.JioMart.Tests.ValidTest" name="navigateToSmartPhonePage" time="11.948"/>
</testsuite> <!-- initiatetest -->
