<?xml version="1.0" encoding="UTF-8"?>
<!-- Generated by org.testng.reporters.JUnitXMLReporter -->
<testsuite ignored="0" hostname="DESKTOP-LS03I5T" failures="0" tests="3" name="navigateToSmartPhonePage" time="25.43" errors="0" timestamp="2024-02-07T11:19:52 IST">
  <testcase classname="com.JioMart.Tests.ValidTest" name="initiateTest" time="3.256"/>
  <testcase classname="com.JioMart.Tests.ValidTest" name="navigateToHomePage" time="8.497"/>
  <testcase classname="com.JioMart.Tests.ValidTest" name="navigateToSmartPhonePage" time="13.66"/>
</testsuite> <!-- navigateToSmartPhonePage -->
