<?xml version="1.0" encoding="UTF-8"?>
<!-- Generated by org.testng.reporters.JUnitXMLReporter -->
<testsuite ignored="0" hostname="DESKTOP-LS03I5T" failures="0" tests="3" name="navigateToHomePage" time="23.92" errors="0" timestamp="2024-02-07T11:19:26 IST">
  <testcase classname="com.JioMart.Tests.ValidTest" name="initiateTest" time="2.987"/>
  <testcase classname="com.JioMart.Tests.ValidTest" name="navigateToHomePage" time="8.494"/>
  <testcase classname="com.JioMart.Tests.ValidTest" name="navigateToSmartPhonePage" time="12.435"/>
</testsuite> <!-- navigateToHomePage -->
