<?xml version="1.0" encoding="UTF-8"?>
<!-- Generated by org.testng.reporters.JUnitXMLReporter -->
<testsuite ignored="0" hostname="DESKTOP-LS03I5T" failures="0" tests="3" name="Default test" time="22.552" errors="0" timestamp="2024-02-07T11:52:58 IST">
  <testcase classname="com.JioMart.Tests.ValidTest" name="initiateTest" time="3.01"/>
  <testcase classname="com.JioMart.Tests.ValidTest" name="navigateToHomePage" time="8.421"/>
  <testcase classname="com.JioMart.Tests.ValidTest" name="navigateToSmartPhonePage" time="11.1"/>
</testsuite> <!-- Default test -->
